<?xml version="1.0" encoding="UTF-8"?>
<!-- Generated by org.testng.reporters.JUnitReportReporter -->
<testsuite hostname="Rajat1" failures="0" tests="2" name="grouping.paymentTest" time="0.009" errors="0" timestamp="2024-08-21T20:30:28 IST" skipped="0">
  <testcase classname="grouping.paymentTest" name="paymentDollar" time="0.006"/>
  <testcase classname="grouping.paymentTest" name="paymentRupee" time="0.003"/>
</testsuite> <!-- grouping.paymentTest -->
