<?xml version="1.0" encoding="UTF-8"?>
<!-- Generated by org.testng.reporters.JUnitReportReporter -->
<testsuite hostname="Rajat1" failures="0" tests="1" name="testng.Assertion" time="0.010" errors="0" timestamp="2024-08-20T18:45:37 IST" skipped="0">
  <testcase classname="testng.Assertion" name="assertion" time="0.010"/>
</testsuite> <!-- testng.Assertion -->
