<?xml version="1.0" encoding="UTF-8"?>
<!-- Generated by org.testng.reporters.JUnitReportReporter -->
<testsuite hostname="Rajat1" failures="0" tests="2" name="grouping.signupTest" time="0.005" errors="0" timestamp="2024-08-21T18:27:42 IST" skipped="0">
  <testcase classname="grouping.signupTest" name="signupbynumber" time="0.003"/>
  <testcase classname="grouping.signupTest" name="signupbyemail" time="0.002"/>
</testsuite> <!-- grouping.signupTest -->
