<?xml version="1.0" encoding="UTF-8"?>
<!-- Generated by org.testng.reporters.JUnitReportReporter -->
<testsuite hostname="Rajat1" failures="0" tests="2" name="grouping.loginTest" time="0.010" errors="0" timestamp="2024-08-21T20:26:51 IST" skipped="0">
  <testcase classname="grouping.loginTest" name="loginbyemail" time="0.008"/>
  <testcase classname="grouping.loginTest" name="loginbynumber" time="0.002"/>
</testsuite> <!-- grouping.loginTest -->
