<?xml version="1.0" encoding="UTF-8"?>
<!-- Generated by org.testng.reporters.JUnitReportReporter -->
<testsuite hostname="Rajat1" failures="0" tests="3" name="testCase.TestCase1" time="0.008" errors="0" timestamp="2024-08-18T18:16:44 IST" skipped="0">
  <testcase classname="testCase.TestCase1" name="openapp" time="0.002"/>
  <testcase classname="testCase.TestCase1" name="login" time="0.003"/>
  <testcase classname="testCase.TestCase1" name="logout" time="0.003"/>
</testsuite> <!-- testCase.TestCase1 -->
