<?xml version="1.0" encoding="UTF-8"?>
<!-- Generated by org.testng.reporters.JUnitReportReporter -->
<testsuite hostname="Rajat1" failures="0" tests="2" name="annotationDemo.Annotation2" time="0.008" errors="0" timestamp="2024-08-19T18:35:27 IST" skipped="0">
  <testcase classname="annotationDemo.Annotation2" name="Search" time="0.006"/>
  <testcase classname="annotationDemo.Annotation2" name="advsearch" time="0.002"/>
</testsuite> <!-- annotationDemo.Annotation2 -->
