<?xml version="1.0" encoding="UTF-8"?>
<!-- Generated by org.testng.reporters.JUnitReportReporter -->
<testsuite hostname="Rajat1" failures="0" tests="6" name="DataProviders.ParllelTesting" time="30.291" errors="0" timestamp="2024-08-22T19:23:51 IST" skipped="0">
  <testcase classname="DataProviders.ParllelTesting" name="Title" time="5.030"/>
  <testcase classname="DataProviders.ParllelTesting" name="Title" time="5.045"/>
  <testcase classname="DataProviders.ParllelTesting" name="URL" time="5.031"/>
  <testcase classname="DataProviders.ParllelTesting" name="logo" time="5.088"/>
  <testcase classname="DataProviders.ParllelTesting" name="logo" time="5.085"/>
  <testcase classname="DataProviders.ParllelTesting" name="URL" time="5.012"/>
</testsuite> <!-- DataProviders.ParllelTesting -->
