<?xml version="1.0" encoding="UTF-8"?>
<!-- Generated by org.testng.reporters.JUnitReportReporter -->
<testsuite hostname="Rajat1" failures="0" tests="4" name="testCase.OrangeHrmTestCase" time="32.015" errors="0" timestamp="2024-08-18T18:16:44 IST" skipped="0">
  <testcase classname="testCase.OrangeHrmTestCase" name="openapp" time="26.202"/>
  <testcase classname="testCase.OrangeHrmTestCase" name="testLogo" time="0.819"/>
  <testcase classname="testCase.OrangeHrmTestCase" name="login" time="4.679"/>
  <testcase classname="testCase.OrangeHrmTestCase" name="closeapp" time="0.315"/>
</testsuite> <!-- testCase.OrangeHrmTestCase -->
