<?xml version="1.0" encoding="UTF-8"?>
<!-- Generated by org.testng.reporters.JUnitReportReporter -->
<testsuite hostname="Rajat1" failures="0" tests="2" name="annotationDemo.Annotation" time="0.017" errors="0" timestamp="2024-08-20T18:35:52 IST" skipped="0">
  <testcase classname="annotationDemo.Annotation" name="Search" time="0.013"/>
  <testcase classname="annotationDemo.Annotation" name="advsearch" time="0.004"/>
</testsuite> <!-- annotationDemo.Annotation -->
